2018-04-28 20:03:29.222  INFO 6748 --- [main] com.example.demo.DemoApplication         : Starting DemoApplication on LAPTOP-BV675RMP with PID 6748 (started by 联想 in C:\Users\联想\IdeaProjects\homework)
2018-04-28 20:03:29.235  INFO 6748 --- [main] com.example.demo.DemoApplication         : No active profile set, falling back to default profiles: default
2018-04-28 20:03:29.341  INFO 6748 --- [main] ConfigServletWebServerApplicationContext : Refreshing org.springframework.boot.web.servlet.context.AnnotationConfigServletWebServerApplicationContext@78aab498: startup date [Sat Apr 28 20:03:29 CST 2018]; root of context hierarchy
2018-04-28 20:03:31.492  INFO 6748 --- [main] o.s.b.w.embedded.tomcat.TomcatWebServer  : Tomcat initialized with port(s): 8080 (http)
2018-04-28 20:03:31.529  INFO 6748 --- [main] o.apache.catalina.core.StandardService   : Starting service [Tomcat]
2018-04-28 20:03:31.531  INFO 6748 --- [main] org.apache.catalina.core.StandardEngine  : Starting Servlet Engine: Apache Tomcat/8.5.28
2018-04-28 20:03:31.538  INFO 6748 --- [localhost-startStop-1] o.a.catalina.core.AprLifecycleListener   : The APR based Apache Tomcat Native library which allows optimal performance in production environments was not found on the java.library.path: [C:\Program Files\Java\jdk1.8.0_131\bin;C:\WINDOWS\Sun\Java\bin;C:\WINDOWS\system32;C:\WINDOWS;C:\ProgramData\Oracle\Java\javapath;C:\Python27;C:\WINDOWS;C:\WINDOWS\System32\Wbem;C:\WINDOWS\System32\WindowsPowerShell\v1.0\;C:\Program Files (x86)\Common Files\lenovo\easyplussdk\bin;C:\Program Files\Intel\WiFi\bin\;C:\Program Files\Common Files\Intel\WirelessCommon\;C:\Program Files\Microsoft SQL Server\130\Tools\Binn\;C:\WINDOWS\system32;C:\Program Files (x86)\Windows Kits\8.1\Windows Performance Toolkit\;C:\Program Files\nodejs\;C:\Program Files\MySQL\MySQL Utilities 1.6\;C:\Users\联想\Documents;C:\Users\联想\AppData\Roaming\npm;C:\Users\联想\AppData\Local\Microsoft\WindowsApps;;.]
2018-04-28 20:03:32.447  INFO 6748 --- [localhost-startStop-1] o.a.c.c.C.[Tomcat].[localhost].[/]       : Initializing Spring embedded WebApplicationContext
2018-04-28 20:03:32.449  INFO 6748 --- [localhost-startStop-1] o.s.web.context.ContextLoader            : Root WebApplicationContext: initialization completed in 3110 ms
2018-04-28 20:03:32.590  INFO 6748 --- [localhost-startStop-1] o.s.b.w.servlet.ServletRegistrationBean  : Servlet dispatcherServlet mapped to [/]
2018-04-28 20:03:32.596  INFO 6748 --- [localhost-startStop-1] o.s.b.w.servlet.FilterRegistrationBean   : Mapping filter: 'characterEncodingFilter' to: [/*]
2018-04-28 20:03:32.596  INFO 6748 --- [localhost-startStop-1] o.s.b.w.servlet.FilterRegistrationBean   : Mapping filter: 'hiddenHttpMethodFilter' to: [/*]
2018-04-28 20:03:32.596  INFO 6748 --- [localhost-startStop-1] o.s.b.w.servlet.FilterRegistrationBean   : Mapping filter: 'httpPutFormContentFilter' to: [/*]
2018-04-28 20:03:32.598  INFO 6748 --- [localhost-startStop-1] o.s.b.w.servlet.FilterRegistrationBean   : Mapping filter: 'requestContextFilter' to: [/*]
2018-04-28 20:03:33.146  INFO 6748 --- [main] s.w.s.m.m.a.RequestMappingHandlerAdapter : Looking for @ControllerAdvice: org.springframework.boot.web.servlet.context.AnnotationConfigServletWebServerApplicationContext@78aab498: startup date [Sat Apr 28 20:03:29 CST 2018]; root of context hierarchy
2018-04-28 20:03:33.218  INFO 6748 --- [main] s.w.s.m.m.a.RequestMappingHandlerMapping : Mapped "{[/article],methods=[GET]}" onto public java.util.Vector com.example.demo.helloController.getArticle(java.lang.String,java.lang.String,java.lang.String)
2018-04-28 20:03:33.224  INFO 6748 --- [main] s.w.s.m.m.a.RequestMappingHandlerMapping : Mapped "{[/error]}" onto public org.springframework.http.ResponseEntity<java.util.Map<java.lang.String, java.lang.Object>> org.springframework.boot.autoconfigure.web.servlet.error.BasicErrorController.error(javax.servlet.http.HttpServletRequest)
2018-04-28 20:03:33.227  INFO 6748 --- [main] s.w.s.m.m.a.RequestMappingHandlerMapping : Mapped "{[/error],produces=[text/html]}" onto public org.springframework.web.servlet.ModelAndView org.springframework.boot.autoconfigure.web.servlet.error.BasicErrorController.errorHtml(javax.servlet.http.HttpServletRequest,javax.servlet.http.HttpServletResponse)
2018-04-28 20:03:33.273  INFO 6748 --- [main] o.s.w.s.handler.SimpleUrlHandlerMapping  : Mapped URL path [/webjars/**] onto handler of type [class org.springframework.web.servlet.resource.ResourceHttpRequestHandler]
2018-04-28 20:03:33.273  INFO 6748 --- [main] o.s.w.s.handler.SimpleUrlHandlerMapping  : Mapped URL path [/**] onto handler of type [class org.springframework.web.servlet.resource.ResourceHttpRequestHandler]
2018-04-28 20:03:33.328  INFO 6748 --- [main] o.s.w.s.handler.SimpleUrlHandlerMapping  : Mapped URL path [/**/favicon.ico] onto handler of type [class org.springframework.web.servlet.resource.ResourceHttpRequestHandler]
2018-04-28 20:03:33.710  INFO 6748 --- [main] o.s.j.e.a.AnnotationMBeanExporter        : Registering beans for JMX exposure on startup
2018-04-28 20:03:33.794  INFO 6748 --- [main] o.s.b.w.embedded.tomcat.TomcatWebServer  : Tomcat started on port(s): 8080 (http) with context path ''
2018-04-28 20:03:33.804  INFO 6748 --- [main] com.example.demo.DemoApplication         : Started DemoApplication in 5.382 seconds (JVM running for 11.301)
